  ComponentsManager.cpp
  Entity.cpp
  EntityManager.cpp
C:\School\AIProgramming\task4_strategicAI\StrategyPi\EntityManager.cpp(7,23): warning C4267: 'initializing': conversion from 'size_t' to 'int', possible loss of data
C:\School\AIProgramming\task4_strategicAI\StrategyPi\EntityManager.cpp(19,23): warning C4267: 'initializing': conversion from 'size_t' to 'int', possible loss of data
C:\School\AIProgramming\task4_strategicAI\StrategyPi\EntityManager.cpp(24,23): warning C4267: 'initializing': conversion from 'size_t' to 'int', possible loss of data
C:\School\AIProgramming\task4_strategicAI\StrategyPi\EntityManager.cpp(33,23): warning C4267: 'initializing': conversion from 'size_t' to 'int', possible loss of data
C:\School\AIProgramming\task4_strategicAI\StrategyPi\EntityManager.cpp(38,23): warning C4267: 'initializing': conversion from 'size_t' to 'int', possible loss of data
C:\School\AIProgramming\task4_strategicAI\StrategyPi\EntityManager.cpp(63,23): warning C4267: 'initializing': conversion from 'size_t' to 'int', possible loss of data
  ImageLoader.cpp
  main.cpp
  PathFinding.cpp
C:\School\AIProgramming\task4_strategicAI\StrategyPi\PathFinding.cpp(39,11): warning C4267: 'initializing': conversion from 'size_t' to 'int', possible loss of data
C:\School\AIProgramming\task4_strategicAI\StrategyPi\PathFinding.cpp(166,37): warning C4838: conversion from 'int' to 'float' requires a narrowing conversion
C:\School\AIProgramming\task4_strategicAI\StrategyPi\PathFinding.cpp(166,37): warning C4244: 'initializing': conversion from 'int' to 'float', possible loss of data
C:\School\AIProgramming\task4_strategicAI\StrategyPi\PathFinding.cpp(166,62): warning C4838: conversion from 'int' to 'float' requires a narrowing conversion
C:\School\AIProgramming\task4_strategicAI\StrategyPi\PathFinding.cpp(166,62): warning C4244: 'initializing': conversion from 'int' to 'float', possible loss of data
C:\School\AIProgramming\task4_strategicAI\StrategyPi\PathFinding.cpp(173,49): warning C4838: conversion from 'int' to 'float' requires a narrowing conversion
C:\School\AIProgramming\task4_strategicAI\StrategyPi\PathFinding.cpp(173,49): warning C4244: 'initializing': conversion from 'int' to 'float', possible loss of data
C:\School\AIProgramming\task4_strategicAI\StrategyPi\PathFinding.cpp(173,89): warning C4838: conversion from 'int' to 'float' requires a narrowing conversion
C:\School\AIProgramming\task4_strategicAI\StrategyPi\PathFinding.cpp(173,89): warning C4244: 'initializing': conversion from 'int' to 'float', possible loss of data
C:\School\AIProgramming\task4_strategicAI\StrategyPi\PathFinding.cpp(174,46): warning C4244: 'argument': conversion from 'float' to 'int', possible loss of data
C:\School\AIProgramming\task4_strategicAI\StrategyPi\PathFinding.cpp(174,39): warning C4244: 'argument': conversion from 'float' to 'int', possible loss of data
C:\School\AIProgramming\task4_strategicAI\StrategyPi\PathFinding.cpp(174,32): warning C4244: 'argument': conversion from 'float' to 'int', possible loss of data
C:\School\AIProgramming\task4_strategicAI\StrategyPi\PathFinding.cpp(174,21): warning C4244: 'argument': conversion from 'float' to 'int', possible loss of data
C:\School\AIProgramming\task4_strategicAI\StrategyPi\PathFinding.cpp(190,48): warning C4244: '=': conversion from 'int' to 'float', possible loss of data
C:\School\AIProgramming\task4_strategicAI\StrategyPi\PathFinding.cpp(248,47): warning C4244: '=': conversion from 'int' to 'float', possible loss of data
  SteeringBehavior.cpp
  Worker.cpp
C:\School\AIProgramming\task4_strategicAI\StrategyPi\SteeringBehavior.h(6,8): warning C4099: 'SteerTarget': type name first seen using 'class' now seen using 'struct'
  (compiling source file 'Worker.cpp')
      C:\School\AIProgramming\task4_strategicAI\StrategyPi\SteeringBehavior.h(6,8):
      see declaration of 'SteerTarget'
  
C:\School\AIProgramming\task4_strategicAI\StrategyPi\Worker.cpp(39,52): warning C4244: 'argument': conversion from 'float' to 'int', possible loss of data
C:\School\AIProgramming\task4_strategicAI\StrategyPi\Worker.cpp(39,35): warning C4244: 'argument': conversion from 'float' to 'int', possible loss of data
  World.cpp
C:\School\AIProgramming\task4_strategicAI\StrategyPi\World.cpp(68,12): warning C4244: 'initializing': conversion from '__int64' to 'int', possible loss of data
C:\School\AIProgramming\task4_strategicAI\StrategyPi\World.cpp(95,27): warning C4267: '=': conversion from 'size_t' to 'int', possible loss of data
  Generating Code...
LINK : warning LNK4098: defaultlib 'MSVCRT' conflicts with use of other libs; use /NODEFAULTLIB:library
  StrategyPi.vcxproj -> C:\School\AIProgramming\task4_strategicAI\x64\Debug\StrategyPi.exe
